<?xml version="1.0" encoding="UTF-8"?>
<testsuites name="jest tests" tests="3" failures="3" time="3.705">
  <testsuite name="/Users/vira/Documents/Projects/Webbylab/backend/tests/use-cases/users-create/positive" errors="0" failures="3" skipped="0" timestamp="2020-03-26T09:00:11" time="2.679" tests="3">
    <testcase classname="/Users/vira/Documents/Projects/Webbylab/backend/tests/use-cases/users-create/positive 01-sample" name="/Users/vira/Documents/Projects/Webbylab/backend/tests/use-cases/users-create/positive 01-sample" time="0.093">
      <failure>/Users/vira/Documents/Projects/Webbylab/backend/lib/utils/templates.mjs:22
var dirname = process.env.MODE === &apos;test&apos; ? __dirname : (0, _index.getDirName)(import.meta.url);
                                                                                      ^^^^

SyntaxError: Cannot use &apos;import.meta&apos; outside a module
    at new Script (vm.js:88:7)
    at Runtime.createScriptFromCode (/Users/vira/Documents/Projects/Webbylab/backend/node_modules/jest-runtime/build/index.js:1083:14)
    at Runtime._execModule (/Users/vira/Documents/Projects/Webbylab/backend/node_modules/jest-runtime/build/index.js:1033:27)
    at Runtime._loadModule (/Users/vira/Documents/Projects/Webbylab/backend/node_modules/jest-runtime/build/index.js:682:12)
    at Runtime.requireModule (/Users/vira/Documents/Projects/Webbylab/backend/node_modules/jest-runtime/build/index.js:540:10)
    at Runtime.requireModuleOrMock (/Users/vira/Documents/Projects/Webbylab/backend/node_modules/jest-runtime/build/index.js:703:21)
    at Object.&lt;anonymous&gt; (/Users/vira/Documents/Projects/Webbylab/backend/lib/infrastructure/emailSender.mjs:18:18)
    at Runtime._execModule (/Users/vira/Documents/Projects/Webbylab/backend/node_modules/jest-runtime/build/index.js:1054:24)
    at Runtime._loadModule (/Users/vira/Documents/Projects/Webbylab/backend/node_modules/jest-runtime/build/index.js:682:12)
    at Runtime.requireModule (/Users/vira/Documents/Projects/Webbylab/backend/node_modules/jest-runtime/build/index.js:540:10)</failure>
      <failure>TypeError: Cannot read property &apos;serviceClass&apos; of undefined
    at /Users/vira/Documents/Projects/Webbylab/backend/tests/use-cases.test.mjs:21:11
    at Generator.next (&lt;anonymous&gt;)
    at asyncGeneratorStep (/Users/vira/Documents/Projects/Webbylab/backend/tests/use-cases.test.mjs:7:103)
    at _next (/Users/vira/Documents/Projects/Webbylab/backend/tests/use-cases.test.mjs:9:194)
    at /Users/vira/Documents/Projects/Webbylab/backend/tests/use-cases.test.mjs:9:364
    at new Promise (&lt;anonymous&gt;)
    at /Users/vira/Documents/Projects/Webbylab/backend/tests/use-cases.test.mjs:9:97
    at /Users/vira/Documents/Projects/Webbylab/backend/tests/use-cases.test.mjs:42:20
    at /Users/vira/Documents/Projects/Webbylab/backend/tests/lib/Tester.mjs:103:23
    at Generator.next (&lt;anonymous&gt;)
    at asyncGeneratorStep (/Users/vira/Documents/Projects/Webbylab/backend/tests/lib/Tester.mjs:28:103)
    at _next (/Users/vira/Documents/Projects/Webbylab/backend/tests/lib/Tester.mjs:30:194)
    at /Users/vira/Documents/Projects/Webbylab/backend/tests/lib/Tester.mjs:30:364
    at new Promise (&lt;anonymous&gt;)
    at /Users/vira/Documents/Projects/Webbylab/backend/tests/lib/Tester.mjs:30:97
    at /Users/vira/Documents/Projects/Webbylab/backend/tests/lib/Tester.mjs:110:30
    at /Users/vira/Documents/Projects/Webbylab/backend/node_modules/sequelize/lib/sequelize.js:1106:21
    at clsBind (/Users/vira/Documents/Projects/Webbylab/backend/node_modules/cls-hooked/context.js:172:17)
    at tryCatcher (/Users/vira/Documents/Projects/Webbylab/backend/node_modules/bluebird/js/release/util.js:16:23)
    at Promise._settlePromiseFromHandler (/Users/vira/Documents/Projects/Webbylab/backend/node_modules/bluebird/js/release/promise.js:547:31)
    at Promise._settlePromise (/Users/vira/Documents/Projects/Webbylab/backend/node_modules/bluebird/js/release/promise.js:604:18)
    at Promise._settlePromise0 (/Users/vira/Documents/Projects/Webbylab/backend/node_modules/bluebird/js/release/promise.js:649:10)
    at Promise._settlePromises (/Users/vira/Documents/Projects/Webbylab/backend/node_modules/bluebird/js/release/promise.js:729:18)
    at _drainQueueStep (/Users/vira/Documents/Projects/Webbylab/backend/node_modules/bluebird/js/release/async.js:93:12)
    at _drainQueue (/Users/vira/Documents/Projects/Webbylab/backend/node_modules/bluebird/js/release/async.js:86:9)
    at Async.Object.&lt;anonymous&gt;.Async._drainQueues (/Users/vira/Documents/Projects/Webbylab/backend/node_modules/bluebird/js/release/async.js:102:5)
    at Async.drainQueues (/Users/vira/Documents/Projects/Webbylab/backend/node_modules/bluebird/js/release/async.js:15:14)
    at processTicksAndRejections (internal/process/task_queues.js:97:5)</failure>
    </testcase>
    <testcase classname="/Users/vira/Documents/Projects/Webbylab/backend/tests/use-cases/users-create/positive 02-sample" name="/Users/vira/Documents/Projects/Webbylab/backend/tests/use-cases/users-create/positive 02-sample" time="0.009">
      <failure>/Users/vira/Documents/Projects/Webbylab/backend/lib/utils/templates.mjs:22
var dirname = process.env.MODE === &apos;test&apos; ? __dirname : (0, _index.getDirName)(import.meta.url);
                                                                                      ^^^^

SyntaxError: Cannot use &apos;import.meta&apos; outside a module
    at new Script (vm.js:88:7)
    at Runtime.createScriptFromCode (/Users/vira/Documents/Projects/Webbylab/backend/node_modules/jest-runtime/build/index.js:1083:14)
    at Runtime._execModule (/Users/vira/Documents/Projects/Webbylab/backend/node_modules/jest-runtime/build/index.js:1033:27)
    at Runtime._loadModule (/Users/vira/Documents/Projects/Webbylab/backend/node_modules/jest-runtime/build/index.js:682:12)
    at Runtime.requireModule (/Users/vira/Documents/Projects/Webbylab/backend/node_modules/jest-runtime/build/index.js:540:10)
    at Runtime.requireModuleOrMock (/Users/vira/Documents/Projects/Webbylab/backend/node_modules/jest-runtime/build/index.js:703:21)
    at Object.&lt;anonymous&gt; (/Users/vira/Documents/Projects/Webbylab/backend/lib/infrastructure/emailSender.mjs:18:18)
    at Runtime._execModule (/Users/vira/Documents/Projects/Webbylab/backend/node_modules/jest-runtime/build/index.js:1054:24)
    at Runtime._loadModule (/Users/vira/Documents/Projects/Webbylab/backend/node_modules/jest-runtime/build/index.js:682:12)
    at Runtime.requireModule (/Users/vira/Documents/Projects/Webbylab/backend/node_modules/jest-runtime/build/index.js:540:10)</failure>
      <failure>TypeError: Cannot read property &apos;serviceClass&apos; of undefined
    at /Users/vira/Documents/Projects/Webbylab/backend/tests/use-cases.test.mjs:21:11
    at Generator.next (&lt;anonymous&gt;)
    at asyncGeneratorStep (/Users/vira/Documents/Projects/Webbylab/backend/tests/use-cases.test.mjs:7:103)
    at _next (/Users/vira/Documents/Projects/Webbylab/backend/tests/use-cases.test.mjs:9:194)
    at /Users/vira/Documents/Projects/Webbylab/backend/tests/use-cases.test.mjs:9:364
    at new Promise (&lt;anonymous&gt;)
    at /Users/vira/Documents/Projects/Webbylab/backend/tests/use-cases.test.mjs:9:97
    at /Users/vira/Documents/Projects/Webbylab/backend/tests/use-cases.test.mjs:42:20
    at /Users/vira/Documents/Projects/Webbylab/backend/tests/lib/Tester.mjs:103:23
    at Generator.next (&lt;anonymous&gt;)
    at asyncGeneratorStep (/Users/vira/Documents/Projects/Webbylab/backend/tests/lib/Tester.mjs:28:103)
    at _next (/Users/vira/Documents/Projects/Webbylab/backend/tests/lib/Tester.mjs:30:194)
    at /Users/vira/Documents/Projects/Webbylab/backend/tests/lib/Tester.mjs:30:364
    at new Promise (&lt;anonymous&gt;)
    at /Users/vira/Documents/Projects/Webbylab/backend/tests/lib/Tester.mjs:30:97
    at /Users/vira/Documents/Projects/Webbylab/backend/tests/lib/Tester.mjs:110:30
    at /Users/vira/Documents/Projects/Webbylab/backend/node_modules/sequelize/lib/sequelize.js:1106:21
    at clsBind (/Users/vira/Documents/Projects/Webbylab/backend/node_modules/cls-hooked/context.js:172:17)
    at tryCatcher (/Users/vira/Documents/Projects/Webbylab/backend/node_modules/bluebird/js/release/util.js:16:23)
    at Promise._settlePromiseFromHandler (/Users/vira/Documents/Projects/Webbylab/backend/node_modules/bluebird/js/release/promise.js:547:31)
    at Promise._settlePromise (/Users/vira/Documents/Projects/Webbylab/backend/node_modules/bluebird/js/release/promise.js:604:18)
    at Promise._settlePromise0 (/Users/vira/Documents/Projects/Webbylab/backend/node_modules/bluebird/js/release/promise.js:649:10)
    at Promise._settlePromises (/Users/vira/Documents/Projects/Webbylab/backend/node_modules/bluebird/js/release/promise.js:729:18)
    at _drainQueueStep (/Users/vira/Documents/Projects/Webbylab/backend/node_modules/bluebird/js/release/async.js:93:12)
    at _drainQueue (/Users/vira/Documents/Projects/Webbylab/backend/node_modules/bluebird/js/release/async.js:86:9)
    at Async.Object.&lt;anonymous&gt;.Async._drainQueues (/Users/vira/Documents/Projects/Webbylab/backend/node_modules/bluebird/js/release/async.js:102:5)
    at Async.drainQueues (/Users/vira/Documents/Projects/Webbylab/backend/node_modules/bluebird/js/release/async.js:15:14)
    at processTicksAndRejections (internal/process/task_queues.js:97:5)</failure>
    </testcase>
    <testcase classname="/Users/vira/Documents/Projects/Webbylab/backend/tests/use-cases/users-create/negative 01-sample" name="/Users/vira/Documents/Projects/Webbylab/backend/tests/use-cases/users-create/negative 01-sample" time="0.025">
      <failure>TypeError: Service is not a constructor
    at serviceRunner (/Users/vira/Documents/Projects/Webbylab/backend/tests/lib/Tester.mjs:145:23)
    at /Users/vira/Documents/Projects/Webbylab/backend/tests/lib/Tester.mjs:187:23
    at Generator.next (&lt;anonymous&gt;)
    at asyncGeneratorStep (/Users/vira/Documents/Projects/Webbylab/backend/tests/lib/Tester.mjs:28:103)
    at _next (/Users/vira/Documents/Projects/Webbylab/backend/tests/lib/Tester.mjs:30:194)
    at /Users/vira/Documents/Projects/Webbylab/backend/tests/lib/Tester.mjs:30:364
    at new Promise (&lt;anonymous&gt;)
    at /Users/vira/Documents/Projects/Webbylab/backend/tests/lib/Tester.mjs:30:97
    at Tester._testServiceAbstract (/Users/vira/Documents/Projects/Webbylab/backend/tests/lib/Tester.mjs:204:7)
    at /Users/vira/Documents/Projects/Webbylab/backend/tests/lib/Tester.mjs:151:20
    at Generator.next (&lt;anonymous&gt;)
    at asyncGeneratorStep (/Users/vira/Documents/Projects/Webbylab/backend/tests/lib/Tester.mjs:28:103)
    at _next (/Users/vira/Documents/Projects/Webbylab/backend/tests/lib/Tester.mjs:30:194)
    at /Users/vira/Documents/Projects/Webbylab/backend/tests/lib/Tester.mjs:30:364
    at new Promise (&lt;anonymous&gt;)
    at /Users/vira/Documents/Projects/Webbylab/backend/tests/lib/Tester.mjs:30:97
    at Tester.testService (/Users/vira/Documents/Projects/Webbylab/backend/tests/lib/Tester.mjs:155:7)
    at /Users/vira/Documents/Projects/Webbylab/backend/tests/use-cases.test.mjs:30:17
    at Generator.next (&lt;anonymous&gt;)
    at asyncGeneratorStep (/Users/vira/Documents/Projects/Webbylab/backend/tests/use-cases.test.mjs:7:103)
    at _next (/Users/vira/Documents/Projects/Webbylab/backend/tests/use-cases.test.mjs:9:194)
    at processTicksAndRejections (internal/process/task_queues.js:97:5)</failure>
    </testcase>
  </testsuite>
</testsuites>